<?xml version="1.0" encoding="UTF-8"?>
<testsuite name="dandyu.im.MyArrayListTest" tests="20" skipped="0" failures="0" errors="0" timestamp="2019-06-30T14:17:40" hostname="Yuseon-Home" time="0.007">
  <properties/>
  <testcase name="testToArray" classname="dandyu.im.MyArrayListTest" time="0.004"/>
  <testcase name="testAddIntT" classname="dandyu.im.MyArrayListTest" time="0.0"/>
  <testcase name="testGet" classname="dandyu.im.MyArrayListTest" time="0.0"/>
  <testcase name="testSet" classname="dandyu.im.MyArrayListTest" time="0.0"/>
  <testcase name="testAddAllCollectionOfQextendsT" classname="dandyu.im.MyArrayListTest" time="0.0"/>
  <testcase name="testClear" classname="dandyu.im.MyArrayListTest" time="0.0"/>
  <testcase name="testAddT" classname="dandyu.im.MyArrayListTest" time="0.0"/>
  <testcase name="testSize" classname="dandyu.im.MyArrayListTest" time="0.0"/>
  <testcase name="testLastIndexOf" classname="dandyu.im.MyArrayListTest" time="0.0"/>
  <testcase name="testContainsAll" classname="dandyu.im.MyArrayListTest" time="0.0"/>
  <testcase name="testRemoveObject" classname="dandyu.im.MyArrayListTest" time="0.0"/>
  <testcase name="testContains" classname="dandyu.im.MyArrayListTest" time="0.0"/>
  <testcase name="testIndexOfNull" classname="dandyu.im.MyArrayListTest" time="0.0"/>
  <testcase name="testIndexOf" classname="dandyu.im.MyArrayListTest" time="0.0"/>
  <testcase name="testMyList" classname="dandyu.im.MyArrayListTest" time="0.0"/>
  <testcase name="testIsEmpty" classname="dandyu.im.MyArrayListTest" time="0.001"/>
  <testcase name="testIterator" classname="dandyu.im.MyArrayListTest" time="0.0"/>
  <testcase name="testRemoveAll" classname="dandyu.im.MyArrayListTest" time="0.0"/>
  <testcase name="testRemoveInt" classname="dandyu.im.MyArrayListTest" time="0.0"/>
  <testcase name="testSubList" classname="dandyu.im.MyArrayListTest" time="0.0"/>
  <system-out><![CDATA[]]></system-out>
  <system-err><![CDATA[]]></system-err>
</testsuite>
